<?xml version="1.0" encoding="UTF-8"?>
<testng-results ignored="0" total="3" passed="3" failed="0" skipped="0">
  <reporter-output>
  </reporter-output>
  <suite started-at="2022-08-27T03:47:33 WIB" name="Default suite" finished-at="2022-08-27T03:49:04 WIB" duration-ms="90857">
    <groups>
      <group name="cucumber">
        <method signature="AbstractTestNGCucumberTests.runScenario(io.cucumber.testng.PickleWrapper,io.cucumber.testng.FeatureWrapper)[pri:0, instance:com.juaracoding.ujian.TestRunnerUjian5@28eaa59a]" name="runScenario" class="io.cucumber.testng.AbstractTestNGCucumberTests"/>
      </group> <!-- cucumber -->
    </groups>
    <test started-at="2022-08-27T03:47:33 WIB" name="Default test" finished-at="2022-08-27T03:49:04 WIB" duration-ms="90857">
      <class name="com.juaracoding.ujian.TestRunnerUjian5">
        <test-method is-config="true" signature="setUpClass(org.testng.ITestContext)[pri:0, instance:com.juaracoding.ujian.TestRunnerUjian5@28eaa59a]" started-at="2022-08-27T03:47:33 WIB" name="setUpClass" finished-at="2022-08-27T03:47:33 WIB" duration-ms="314" status="PASS">
          <params>
            <param index="0">
              <value>
                <![CDATA[org.testng.TestRunner@6cfd9a54]]>
              </value>
            </param>
          </params>
          <reporter-output>
          </reporter-output>
        </test-method> <!-- setUpClass -->
        <test-method signature="runScenario(io.cucumber.testng.PickleWrapper,io.cucumber.testng.FeatureWrapper)[pri:0, instance:com.juaracoding.ujian.TestRunnerUjian5@28eaa59a]" started-at="2022-08-27T03:47:33 WIB" name="runScenario" description="Runs Cucumber Scenarios" data-provider="scenarios" finished-at="2022-08-27T03:48:15 WIB" duration-ms="41621" status="PASS">
          <params>
            <param index="0">
              <value>
                <![CDATA["Navigate to shop"]]>
              </value>
            </param>
            <param index="1">
              <value>
                <![CDATA["Checkout shop"]]>
              </value>
            </param>
          </params>
          <reporter-output>
          </reporter-output>
        </test-method> <!-- runScenario -->
        <test-method signature="runScenario(io.cucumber.testng.PickleWrapper,io.cucumber.testng.FeatureWrapper)[pri:0, instance:com.juaracoding.ujian.TestRunnerUjian5@28eaa59a]" started-at="2022-08-27T03:48:15 WIB" name="runScenario" description="Runs Cucumber Scenarios" data-provider="scenarios" finished-at="2022-08-27T03:48:46 WIB" duration-ms="31001" status="PASS">
          <params>
            <param index="0">
              <value>
                <![CDATA["User Add item"]]>
              </value>
            </param>
            <param index="1">
              <value>
                <![CDATA["Checkout shop"]]>
              </value>
            </param>
          </params>
          <reporter-output>
          </reporter-output>
        </test-method> <!-- runScenario -->
        <test-method signature="runScenario(io.cucumber.testng.PickleWrapper,io.cucumber.testng.FeatureWrapper)[pri:0, instance:com.juaracoding.ujian.TestRunnerUjian5@28eaa59a]" started-at="2022-08-27T03:48:46 WIB" name="runScenario" description="Runs Cucumber Scenarios" data-provider="scenarios" finished-at="2022-08-27T03:49:04 WIB" duration-ms="17873" status="PASS">
          <params>
            <param index="0">
              <value>
                <![CDATA["User checkout"]]>
              </value>
            </param>
            <param index="1">
              <value>
                <![CDATA["Checkout shop"]]>
              </value>
            </param>
          </params>
          <reporter-output>
          </reporter-output>
        </test-method> <!-- runScenario -->
        <test-method is-config="true" signature="tearDownClass()[pri:0, instance:com.juaracoding.ujian.TestRunnerUjian5@28eaa59a]" started-at="2022-08-27T03:49:04 WIB" name="tearDownClass" finished-at="2022-08-27T03:49:04 WIB" duration-ms="26" status="PASS">
          <reporter-output>
          </reporter-output>
        </test-method> <!-- tearDownClass -->
      </class> <!-- com.juaracoding.ujian.TestRunnerUjian5 -->
    </test> <!-- Default test -->
  </suite> <!-- Default suite -->
</testng-results>
